INFO:root:USER = Jerry logged in at TIME = 2022-12-25 13:24:49.428416
INFO:root:USER = Han logged in at TIME = 2022-12-25 13:25:16.113235
INFO:root:USER = Jerry logged in at TIME = 2022-12-25 13:27:13.322017
INFO:root:USER = Bond logged in at TIME = 2022-12-25 13:27:14.323718
INFO:root:USER = Bill logged in at TIME = 2022-12-25 13:27:15.329845
INFO:root:USER = Elon logged in at TIME = 2022-12-25 13:27:16.336453
INFO:root:USER = Khaby logged in at TIME = 2022-12-25 13:27:17.340756
INFO:root:USER = Ada logged in at TIME = 2022-12-25 13:27:18.346000
INFO:root:USER = Han logged in at TIME = 2022-12-25 13:27:19.352115
INFO:root:USER = Jerry logged in at TIME = 2022-12-25 13:35:54.591977
INFO:root:USER = Jerry logged in at TIME = 2022-12-25 13:36:06.832605
INFO:root:USER = Jerry logged in at TIME = 2022-12-25 13:36:20.608997
INFO:root:USER = Jerry logged in at TIME = 2022-12-25 13:36:38.509249
INFO:root:USER = Jerry logged in at TIME = 2022-12-25 13:36:56.053047
INFO:root:USER = Bond logged in at TIME = 2022-12-25 13:36:57.058574
INFO:root:USER = Bill logged in at TIME = 2022-12-25 13:36:58.064869
INFO:root:USER = Elon logged in at TIME = 2022-12-25 13:36:59.071543
INFO:root:USER = Khaby logged in at TIME = 2022-12-25 13:37:00.076149
INFO:root:USER = Ada logged in at TIME = 2022-12-25 13:37:01.083100
INFO:root:USER = Han logged in at TIME = 2022-12-25 13:37:02.089597
INFO:root:USER = ('Jerry', 4) logged in at TIME = 2022-12-25 13:53:24.844027
INFO:root:USER = Jerry logged in at TIME = 2022-12-25 13:54:10.800233
INFO:root:USER = Bond logged in at TIME = 2022-12-25 13:54:11.806177
INFO:root:USER = Bill logged in at TIME = 2022-12-25 13:54:12.811944
INFO:root:USER = Elon logged in at TIME = 2022-12-25 13:54:13.816679
INFO:root:USER = Khaby logged in at TIME = 2022-12-25 13:54:14.823259
INFO:root:USER = Ada logged in at TIME = 2022-12-25 13:54:15.826230
INFO:root:USER = Han logged in at TIME = 2022-12-25 13:54:16.827636
INFO:root:USER = Jerry logged in at TIME = 2022-12-25 13:56:09.634874
INFO:root:USER = Bond logged in at TIME = 2022-12-25 13:56:14.641499
INFO:root:USER = Bill logged in at TIME = 2022-12-25 13:56:19.643452
INFO:root:USER = Elon logged in at TIME = 2022-12-25 13:56:24.649543
INFO:root:USER = Khaby logged in at TIME = 2022-12-25 13:56:29.655675
INFO:root:USER = Ada logged in at TIME = 2022-12-25 13:56:34.660224
INFO:root:USER = Han logged in at TIME = 2022-12-25 13:56:39.665830
INFO:root:USER = Jerry logged in at TIME = 2022-12-25 13:57:18.789730
INFO:root:USER = Bond logged in at TIME = 2022-12-25 13:57:18.790491
INFO:root:USER = Bill logged in at TIME = 2022-12-25 13:57:18.791087
INFO:root:USER = Elon logged in at TIME = 2022-12-25 13:57:18.791491
INFO:root:USER = Khaby logged in at TIME = 2022-12-25 13:57:18.791733
INFO:root:USER = Ada logged in at TIME = 2022-12-25 13:57:18.791898
INFO:root:USER = Han logged in at TIME = 2022-12-25 13:57:18.792060
INFO:root:USER = Jerry logged in at TIME = 2022-12-25 15:50:27.468784
INFO:root:USER = Jerry logged in at TIME = 2022-12-25 15:50:32.524950
INFO:root:USER = Bond logged in at TIME = 2022-12-25 15:50:32.525093
INFO:root:USER = Bill logged in at TIME = 2022-12-25 15:50:32.525237
INFO:root:USER = Elon logged in at TIME = 2022-12-25 15:50:32.525389
INFO:root:USER = Khaby logged in at TIME = 2022-12-25 15:50:32.525506
INFO:root:USER = Ada logged in at TIME = 2022-12-25 15:50:32.525858
INFO:root:USER = Han logged in at TIME = 2022-12-25 15:50:32.526034
